                                      1 ;--------------------------------------------------------
                                      2 ; File Created by SDCC : free open source ANSI-C Compiler
                                      3 ; Version 4.1.6 #12533 (MINGW32)
                                      4 ;--------------------------------------------------------
                                      5 	.module 00_title_gfx_data
                                      6 	.optsdcc -mgbz80
                                      7 	
                                      8 ;--------------------------------------------------------
                                      9 ; Public variables in this module
                                     10 ;--------------------------------------------------------
                                     11 	.globl _font_tiles
                                     12 	.globl _title_tiles
                                     13 	.globl _dialog_frame_tiles
                                     14 	.globl _energy_tiles
                                     15 	.globl _title_map
                                     16 	.globl _lid_mask
                                     17 	.globl _lid_tiles
                                     18 	.globl _jar_mask
                                     19 	.globl _jar_tiles
                                     20 	.globl _pie_mask
                                     21 	.globl _pie_tiles
                                     22 	.globl _blockage2_tiles
                                     23 	.globl _blockage1_tiles
                                     24 	.globl _blockage0_tiles
                                     25 	.globl _grass_mask
                                     26 	.globl _grass_tiles
                                     27 	.globl _mushrooms_mask
                                     28 	.globl _mushrooms_tiles
                                     29 	.globl _key_mask
                                     30 	.globl _key_tiles
                                     31 	.globl _pickaxe_mask
                                     32 	.globl _pickaxe_tiles
                                     33 	.globl _coin_mask
                                     34 	.globl _coin_tiles
                                     35 	.globl _null_mask
                                     36 ;--------------------------------------------------------
                                     37 ; special function registers
                                     38 ;--------------------------------------------------------
                                     39 ;--------------------------------------------------------
                                     40 ; ram data
                                     41 ;--------------------------------------------------------
                                     42 	.area _DATA
                                     43 ;--------------------------------------------------------
                                     44 ; ram data
                                     45 ;--------------------------------------------------------
                                     46 	.area _INITIALIZED
                                     47 ;--------------------------------------------------------
                                     48 ; absolute external ram data
                                     49 ;--------------------------------------------------------
                                     50 	.area _DABS (ABS)
                                     51 ;--------------------------------------------------------
                                     52 ; global & static initialisations
                                     53 ;--------------------------------------------------------
                                     54 	.area _HOME
                                     55 	.area _GSINIT
                                     56 	.area _GSFINAL
                                     57 	.area _GSINIT
                                     58 ;--------------------------------------------------------
                                     59 ; Home
                                     60 ;--------------------------------------------------------
                                     61 	.area _HOME
                                     62 	.area _HOME
                                     63 ;--------------------------------------------------------
                                     64 ; code
                                     65 ;--------------------------------------------------------
                                     66 	.area _CODE_1
                                     67 	.area _CODE_1
      000000                         68 _null_mask:
      000000 04                      69 	.db #0x04	; 4
      000001 00                      70 	.db #0x00	; 0
      000002 00                      71 	.db #0x00	; 0
      000003 00                      72 	.db #0x00	; 0
      000004 00                      73 	.db #0x00	; 0
      000005                         74 _coin_tiles:
      000005 04                      75 	.db #0x04	; 4
      000006 01                      76 	.db #0x01	; 1
      000007 00                      77 	.db #0x00	; 0
      000008 03                      78 	.db #0x03	; 3
      000009 0C                      79 	.db #0x0c	; 12
      00000A 13                      80 	.db #0x13	; 19
      00000B 2E                      81 	.db #0x2e	; 46
      00000C 2C                      82 	.db #0x2c	; 44
      00000D 58                      83 	.db #0x58	; 88	'X'
      00000E 59                      84 	.db #0x59	; 89	'Y'
      00000F 01                      85 	.db #0x01	; 1
      000010 00                      86 	.db #0x00	; 0
      000011 E0                      87 	.db #0xe0	; 224
      000012 18                      88 	.db #0x18	; 24
      000013 E4                      89 	.db #0xe4	; 228
      000014 3A                      90 	.db #0x3a	; 58
      000015 1E                      91 	.db #0x1e	; 30
      000016 CD                      92 	.db #0xcd	; 205
      000017 CF                      93 	.db #0xcf	; 207
      000018 01                      94 	.db #0x01	; 1
      000019 5E                      95 	.db #0x5e	; 94
      00001A 58                      96 	.db #0x58	; 88	'X'
      00001B 59                      97 	.db #0x59	; 89	'Y'
      00001C 2C                      98 	.db #0x2c	; 44
      00001D 2E                      99 	.db #0x2e	; 46
      00001E 17                     100 	.db #0x17	; 23
      00001F 0D                     101 	.db #0x0d	; 13
      000020 03                     102 	.db #0x03	; 3
      000021 01                     103 	.db #0x01	; 1
      000022 3D                     104 	.db #0x3d	; 61
      000023 0F                     105 	.db #0x0f	; 15
      000024 CF                     106 	.db #0xcf	; 207
      000025 DE                     107 	.db #0xde	; 222
      000026 3E                     108 	.db #0x3e	; 62
      000027 FC                     109 	.db #0xfc	; 252
      000028 78                     110 	.db #0x78	; 120	'x'
      000029 E0                     111 	.db #0xe0	; 224
      00002A                        112 _coin_mask:
      00002A 04                     113 	.db #0x04	; 4
      00002B 03                     114 	.db #0x03	; 3
      00002C F8                     115 	.db #0xf8	; 248
      00002D E0                     116 	.db #0xe0	; 224
      00002E C0                     117 	.db #0xc0	; 192
      00002F 80                     118 	.db #0x80	; 128
      000030 80                     119 	.db #0x80	; 128
      000031 00                     120 	.db #0x00	; 0
      000032 00                     121 	.db #0x00	; 0
      000033 00                     122 	.db #0x00	; 0
      000034 03                     123 	.db #0x03	; 3
      000035 0F                     124 	.db #0x0f	; 15
      000036 03                     125 	.db #0x03	; 3
      000037 01                     126 	.db #0x01	; 1
      000038 00                     127 	.db #0x00	; 0
      000039 00                     128 	.db #0x00	; 0
      00003A 00                     129 	.db #0x00	; 0
      00003B 00                     130 	.db #0x00	; 0
      00003C 00                     131 	.db #0x00	; 0
      00003D 03                     132 	.db #0x03	; 3
      00003E 00                     133 	.db #0x00	; 0
      00003F 00                     134 	.db #0x00	; 0
      000040 00                     135 	.db #0x00	; 0
      000041 00                     136 	.db #0x00	; 0
      000042 80                     137 	.db #0x80	; 128
      000043 80                     138 	.db #0x80	; 128
      000044 C0                     139 	.db #0xc0	; 192
      000045 E0                     140 	.db #0xe0	; 224
      000046 03                     141 	.db #0x03	; 3
      000047 00                     142 	.db #0x00	; 0
      000048 00                     143 	.db #0x00	; 0
      000049 00                     144 	.db #0x00	; 0
      00004A 00                     145 	.db #0x00	; 0
      00004B 00                     146 	.db #0x00	; 0
      00004C 00                     147 	.db #0x00	; 0
      00004D 01                     148 	.db #0x01	; 1
      00004E 03                     149 	.db #0x03	; 3
      00004F                        150 _pickaxe_tiles:
      00004F 04                     151 	.db #0x04	; 4
      000050 02                     152 	.db #0x02	; 2
      000051 60                     153 	.db #0x60	; 96
      000052 F0                     154 	.db #0xf0	; 240
      000053 F8                     155 	.db #0xf8	; 248
      000054 78                     156 	.db #0x78	; 120	'x'
      000055 34                     157 	.db #0x34	; 52	'4'
      000056 0E                     158 	.db #0x0e	; 14
      000057 07                     159 	.db #0x07	; 7
      000058 03                     160 	.db #0x03	; 3
      000059 02                     161 	.db #0x02	; 2
      00005A 00                     162 	.db #0x00	; 0
      00005B 00                     163 	.db #0x00	; 0
      00005C 00                     164 	.db #0x00	; 0
      00005D 01                     165 	.db #0x01	; 1
      00005E 01                     166 	.db #0x01	; 1
      00005F 01                     167 	.db #0x01	; 1
      000060 03                     168 	.db #0x03	; 3
      000061 83                     169 	.db #0x83	; 131
      000062 02                     170 	.db #0x02	; 2
      000063 01                     171 	.db #0x01	; 1
      000064 00                     172 	.db #0x00	; 0
      000065 00                     173 	.db #0x00	; 0
      000066 00                     174 	.db #0x00	; 0
      000067 00                     175 	.db #0x00	; 0
      000068 00                     176 	.db #0x00	; 0
      000069 03                     177 	.db #0x03	; 3
      00006A 3F                     178 	.db #0x3f	; 63
      00006B 02                     179 	.db #0x02	; 2
      00006C C7                     180 	.db #0xc7	; 199
      00006D E7                     181 	.db #0xe7	; 231
      00006E 4E                     182 	.db #0x4e	; 78	'N'
      00006F 1E                     183 	.db #0x1e	; 30
      000070 3C                     184 	.db #0x3c	; 60
      000071 7B                     185 	.db #0x7b	; 123
      000072 F6                     186 	.db #0xf6	; 246
      000073 C4                     187 	.db #0xc4	; 196
      000074                        188 _pickaxe_mask:
      000074 04                     189 	.db #0x04	; 4
      000075 03                     190 	.db #0x03	; 3
      000076 07                     191 	.db #0x07	; 7
      000077 03                     192 	.db #0x03	; 3
      000078 03                     193 	.db #0x03	; 3
      000079 01                     194 	.db #0x01	; 1
      00007A 00                     195 	.db #0x00	; 0
      00007B 80                     196 	.db #0x80	; 128
      00007C E0                     197 	.db #0xe0	; 224
      00007D F0                     198 	.db #0xf0	; 240
      00007E 03                     199 	.db #0x03	; 3
      00007F FF                     200 	.db #0xff	; 255
      000080 FF                     201 	.db #0xff	; 255
      000081 FC                     202 	.db #0xfc	; 252
      000082 FC                     203 	.db #0xfc	; 252
      000083 FC                     204 	.db #0xfc	; 252
      000084 78                     205 	.db #0x78	; 120	'x'
      000085 38                     206 	.db #0x38	; 56	'8'
      000086 10                     207 	.db #0x10	; 16
      000087 03                     208 	.db #0x03	; 3
      000088 F8                     209 	.db #0xf8	; 248
      000089 FC                     210 	.db #0xfc	; 252
      00008A FE                     211 	.db #0xfe	; 254
      00008B FF                     212 	.db #0xff	; 255
      00008C FF                     213 	.db #0xff	; 255
      00008D F8                     214 	.db #0xf8	; 248
      00008E 80                     215 	.db #0x80	; 128
      00008F 00                     216 	.db #0x00	; 0
      000090 00                     217 	.db #0x00	; 0
      000091                        218 _key_tiles:
      000091 04                     219 	.db #0x04	; 4
      000092 01                     220 	.db #0x01	; 1
      000093 3E                     221 	.db #0x3e	; 62
      000094 7F                     222 	.db #0x7f	; 127
      000095 E3                     223 	.db #0xe3	; 227
      000096 C1                     224 	.db #0xc1	; 193
      000097 C1                     225 	.db #0xc1	; 193
      000098 E3                     226 	.db #0xe3	; 227
      000099 7F                     227 	.db #0x7f	; 127
      00009A 3E                     228 	.db #0x3e	; 62
      00009B 01                     229 	.db #0x01	; 1
      00009C 00                     230 	.db #0x00	; 0
      00009D 00                     231 	.db #0x00	; 0
      00009E 80                     232 	.db #0x80	; 128
      00009F 80                     233 	.db #0x80	; 128
      0000A0 80                     234 	.db #0x80	; 128
      0000A1 80                     235 	.db #0x80	; 128
      0000A2 40                     236 	.db #0x40	; 64
      0000A3 E0                     237 	.db #0xe0	; 224
      0000A4 01                     238 	.db #0x01	; 1
      0000A5 00                     239 	.db #0x00	; 0
      0000A6 00                     240 	.db #0x00	; 0
      0000A7 00                     241 	.db #0x00	; 0
      0000A8 00                     242 	.db #0x00	; 0
      0000A9 01                     243 	.db #0x01	; 1
      0000AA 00                     244 	.db #0x00	; 0
      0000AB 00                     245 	.db #0x00	; 0
      0000AC 00                     246 	.db #0x00	; 0
      0000AD 01                     247 	.db #0x01	; 1
      0000AE F0                     248 	.db #0xf0	; 240
      0000AF 78                     249 	.db #0x78	; 120	'x'
      0000B0 3C                     250 	.db #0x3c	; 60
      0000B1 DE                     251 	.db #0xde	; 222
      0000B2 EF                     252 	.db #0xef	; 239
      0000B3 B6                     253 	.db #0xb6	; 182
      0000B4 70                     254 	.db #0x70	; 112	'p'
      0000B5 20                     255 	.db #0x20	; 32
      0000B6                        256 _key_mask:
      0000B6 04                     257 	.db #0x04	; 4
      0000B7 00                     258 	.db #0x00	; 0
      0000B8 03                     259 	.db #0x03	; 3
      0000B9 7F                     260 	.db #0x7f	; 127
      0000BA 3F                     261 	.db #0x3f	; 63
      0000BB 3F                     262 	.db #0x3f	; 63
      0000BC 3F                     263 	.db #0x3f	; 63
      0000BD 3F                     264 	.db #0x3f	; 63
      0000BE 1F                     265 	.db #0x1f	; 31
      0000BF 0F                     266 	.db #0x0f	; 15
      0000C0 07                     267 	.db #0x07	; 7
      0000C1 03                     268 	.db #0x03	; 3
      0000C2 80                     269 	.db #0x80	; 128
      0000C3 FE                     270 	.db #0xfe	; 254
      0000C4 FE                     271 	.db #0xfe	; 254
      0000C5 FC                     272 	.db #0xfc	; 252
      0000C6 FC                     273 	.db #0xfc	; 252
      0000C7 FC                     274 	.db #0xfc	; 252
      0000C8 FE                     275 	.db #0xfe	; 254
      0000C9 FF                     276 	.db #0xff	; 255
      0000CA 03                     277 	.db #0x03	; 3
      0000CB 03                     278 	.db #0x03	; 3
      0000CC 01                     279 	.db #0x01	; 1
      0000CD 00                     280 	.db #0x00	; 0
      0000CE 00                     281 	.db #0x00	; 0
      0000CF 00                     282 	.db #0x00	; 0
      0000D0 00                     283 	.db #0x00	; 0
      0000D1 00                     284 	.db #0x00	; 0
      0000D2 07                     285 	.db #0x07	; 7
      0000D3                        286 _mushrooms_tiles:
      0000D3 04                     287 	.db #0x04	; 4
      0000D4 03                     288 	.db #0x03	; 3
      0000D5 0C                     289 	.db #0x0c	; 12
      0000D6 1F                     290 	.db #0x1f	; 31
      0000D7 3F                     291 	.db #0x3f	; 63
      0000D8 70                     292 	.db #0x70	; 112	'p'
      0000D9 06                     293 	.db #0x06	; 6
      0000DA 02                     294 	.db #0x02	; 2
      0000DB 1D                     295 	.db #0x1d	; 29
      0000DC 39                     296 	.db #0x39	; 57	'9'
      0000DD 03                     297 	.db #0x03	; 3
      0000DE 1C                     298 	.db #0x1c	; 28
      0000DF 0C                     299 	.db #0x0c	; 12
      0000E0 94                     300 	.db #0x94	; 148
      0000E1 20                     301 	.db #0x20	; 32
      0000E2 20                     302 	.db #0x20	; 32
      0000E3 40                     303 	.db #0x40	; 64
      0000E4 4C                     304 	.db #0x4c	; 76	'L'
      0000E5 3C                     305 	.db #0x3c	; 60
      0000E6 03                     306 	.db #0x03	; 3
      0000E7 71                     307 	.db #0x71	; 113	'q'
      0000E8 65                     308 	.db #0x65	; 101	'e'
      0000E9 05                     309 	.db #0x05	; 5
      0000EA 3B                     310 	.db #0x3b	; 59
      0000EB 33                     311 	.db #0x33	; 51	'3'
      0000EC 29                     312 	.db #0x29	; 41
      0000ED 09                     313 	.db #0x09	; 9
      0000EE 00                     314 	.db #0x00	; 0
      0000EF 03                     315 	.db #0x03	; 3
      0000F0 7C                     316 	.db #0x7c	; 124
      0000F1 3C                     317 	.db #0x3c	; 60
      0000F2 8C                     318 	.db #0x8c	; 140
      0000F3 20                     319 	.db #0x20	; 32
      0000F4 4E                     320 	.db #0x4e	; 78	'N'
      0000F5 46                     321 	.db #0x46	; 70	'F'
      0000F6 CA                     322 	.db #0xca	; 202
      0000F7 00                     323 	.db #0x00	; 0
      0000F8                        324 _mushrooms_mask:
      0000F8 04                     325 	.db #0x04	; 4
      0000F9 03                     326 	.db #0x03	; 3
      0000FA C0                     327 	.db #0xc0	; 192
      0000FB 80                     328 	.db #0x80	; 128
      0000FC 00                     329 	.db #0x00	; 0
      0000FD 00                     330 	.db #0x00	; 0
      0000FE 00                     331 	.db #0x00	; 0
      0000FF C0                     332 	.db #0xc0	; 192
      000100 80                     333 	.db #0x80	; 128
      000101 00                     334 	.db #0x00	; 0
      000102 03                     335 	.db #0x03	; 3
      000103 41                     336 	.db #0x41	; 65	'A'
      000104 01                     337 	.db #0x01	; 1
      000105 01                     338 	.db #0x01	; 1
      000106 01                     339 	.db #0x01	; 1
      000107 0F                     340 	.db #0x0f	; 15
      000108 01                     341 	.db #0x01	; 1
      000109 01                     342 	.db #0x01	; 1
      00010A 01                     343 	.db #0x01	; 1
      00010B 03                     344 	.db #0x03	; 3
      00010C 00                     345 	.db #0x00	; 0
      00010D 00                     346 	.db #0x00	; 0
      00010E 00                     347 	.db #0x00	; 0
      00010F 80                     348 	.db #0x80	; 128
      000110 80                     349 	.db #0x80	; 128
      000111 80                     350 	.db #0x80	; 128
      000112 80                     351 	.db #0x80	; 128
      000113 E0                     352 	.db #0xe0	; 224
      000114 03                     353 	.db #0x03	; 3
      000115 01                     354 	.db #0x01	; 1
      000116 01                     355 	.db #0x01	; 1
      000117 01                     356 	.db #0x01	; 1
      000118 00                     357 	.db #0x00	; 0
      000119 00                     358 	.db #0x00	; 0
      00011A 00                     359 	.db #0x00	; 0
      00011B 00                     360 	.db #0x00	; 0
      00011C 00                     361 	.db #0x00	; 0
      00011D                        362 _grass_tiles:
      00011D 04                     363 	.db #0x04	; 4
      00011E 02                     364 	.db #0x02	; 2
      00011F 09                     365 	.db #0x09	; 9
      000120 09                     366 	.db #0x09	; 9
      000121 09                     367 	.db #0x09	; 9
      000122 18                     368 	.db #0x18	; 24
      000123 18                     369 	.db #0x18	; 24
      000124 18                     370 	.db #0x18	; 24
      000125 98                     371 	.db #0x98	; 152
      000126 91                     372 	.db #0x91	; 145
      000127 02                     373 	.db #0x02	; 2
      000128 06                     374 	.db #0x06	; 6
      000129 84                     375 	.db #0x84	; 132
      00012A 84                     376 	.db #0x84	; 132
      00012B 84                     377 	.db #0x84	; 132
      00012C 84                     378 	.db #0x84	; 132
      00012D 84                     379 	.db #0x84	; 132
      00012E A2                     380 	.db #0xa2	; 162
      00012F A2                     381 	.db #0xa2	; 162
      000130 02                     382 	.db #0x02	; 2
      000131 91                     383 	.db #0x91	; 145
      000132 91                     384 	.db #0x91	; 145
      000133 91                     385 	.db #0x91	; 145
      000134 09                     386 	.db #0x09	; 9
      000135 0D                     387 	.db #0x0d	; 13
      000136 0D                     388 	.db #0x0d	; 13
      000137 4D                     389 	.db #0x4d	; 77	'M'
      000138 4D                     390 	.db #0x4d	; 77	'M'
      000139 02                     391 	.db #0x02	; 2
      00013A A2                     392 	.db #0xa2	; 162
      00013B 12                     393 	.db #0x12	; 18
      00013C 12                     394 	.db #0x12	; 18
      00013D 52                     395 	.db #0x52	; 82	'R'
      00013E 52                     396 	.db #0x52	; 82	'R'
      00013F 52                     397 	.db #0x52	; 82	'R'
      000140 52                     398 	.db #0x52	; 82	'R'
      000141 52                     399 	.db #0x52	; 82	'R'
      000142                        400 _grass_mask:
      000142 04                     401 	.db #0x04	; 4
      000143 03                     402 	.db #0x03	; 3
      000144 E0                     403 	.db #0xe0	; 224
      000145 E0                     404 	.db #0xe0	; 224
      000146 C0                     405 	.db #0xc0	; 192
      000147 C0                     406 	.db #0xc0	; 192
      000148 C2                     407 	.db #0xc2	; 194
      000149 02                     408 	.db #0x02	; 2
      00014A 00                     409 	.db #0x00	; 0
      00014B 00                     410 	.db #0x00	; 0
      00014C 03                     411 	.db #0x03	; 3
      00014D 30                     412 	.db #0x30	; 48	'0'
      00014E 30                     413 	.db #0x30	; 48	'0'
      00014F 30                     414 	.db #0x30	; 48	'0'
      000150 30                     415 	.db #0x30	; 48	'0'
      000151 31                     416 	.db #0x31	; 49	'1'
      000152 00                     417 	.db #0x00	; 0
      000153 00                     418 	.db #0x00	; 0
      000154 08                     419 	.db #0x08	; 8
      000155 03                     420 	.db #0x03	; 3
      000156 04                     421 	.db #0x04	; 4
      000157 04                     422 	.db #0x04	; 4
      000158 00                     423 	.db #0x00	; 0
      000159 00                     424 	.db #0x00	; 0
      00015A 60                     425 	.db #0x60	; 96
      00015B 00                     426 	.db #0x00	; 0
      00015C 00                     427 	.db #0x00	; 0
      00015D 00                     428 	.db #0x00	; 0
      00015E 00                     429 	.db #0x00	; 0
      00015F                        430 _blockage0_tiles:
      00015F 04                     431 	.db #0x04	; 4
      000160 03                     432 	.db #0x03	; 3
      000161 0F                     433 	.db #0x0f	; 15
      000162 3E                     434 	.db #0x3e	; 62
      000163 77                     435 	.db #0x77	; 119	'w'
      000164 FA                     436 	.db #0xfa	; 250
      000165 D4                     437 	.db #0xd4	; 212
      000166 60                     438 	.db #0x60	; 96
      000167 34                     439 	.db #0x34	; 52	'4'
      000168 0F                     440 	.db #0x0f	; 15
      000169 03                     441 	.db #0x03	; 3
      00016A E0                     442 	.db #0xe0	; 224
      00016B B8                     443 	.db #0xb8	; 184
      00016C 56                     444 	.db #0x56	; 86	'V'
      00016D 89                     445 	.db #0x89	; 137
      00016E 41                     446 	.db #0x41	; 65	'A'
      00016F 02                     447 	.db #0x02	; 2
      000170 1C                     448 	.db #0x1c	; 28
      000171 E0                     449 	.db #0xe0	; 224
      000172 03                     450 	.db #0x03	; 3
      000173 0F                     451 	.db #0x0f	; 15
      000174 1F                     452 	.db #0x1f	; 31
      000175 3A                     453 	.db #0x3a	; 58
      000176 7F                     454 	.db #0x7f	; 127
      000177 EA                     455 	.db #0xea	; 234
      000178 FD                     456 	.db #0xfd	; 253
      000179 DA                     457 	.db #0xda	; 218
      00017A 7F                     458 	.db #0x7f	; 127
      00017B 03                     459 	.db #0x03	; 3
      00017C C0                     460 	.db #0xc0	; 192
      00017D 60                     461 	.db #0x60	; 96
      00017E B0                     462 	.db #0xb0	; 176
      00017F 58                     463 	.db #0x58	; 88	'X'
      000180 E6                     464 	.db #0xe6	; 230
      000181 51                     465 	.db #0x51	; 81	'Q'
      000182 81                     466 	.db #0x81	; 129
      000183 D1                     467 	.db #0xd1	; 209
      000184                        468 _blockage1_tiles:
      000184 04                     469 	.db #0x04	; 4
      000185 00                     470 	.db #0x00	; 0
      000186 00                     471 	.db #0x00	; 0
      000187 03                     472 	.db #0x03	; 3
      000188 18                     473 	.db #0x18	; 24
      000189 3C                     474 	.db #0x3c	; 60
      00018A 6E                     475 	.db #0x6e	; 110	'n'
      00018B 97                     476 	.db #0x97	; 151
      00018C 8B                     477 	.db #0x8b	; 139
      00018D 95                     478 	.db #0x95	; 149
      00018E 42                     479 	.db #0x42	; 66	'B'
      00018F 3C                     480 	.db #0x3c	; 60
      000190 03                     481 	.db #0x03	; 3
      000191 07                     482 	.db #0x07	; 7
      000192 1F                     483 	.db #0x1f	; 31
      000193 3A                     484 	.db #0x3a	; 58
      000194 6D                     485 	.db #0x6d	; 109	'm'
      000195 FA                     486 	.db #0xfa	; 250
      000196 D5                     487 	.db #0xd5	; 213
      000197 FA                     488 	.db #0xfa	; 250
      000198 7F                     489 	.db #0x7f	; 127
      000199                        490 _blockage2_tiles:
      000199 04                     491 	.db #0x04	; 4
      00019A 00                     492 	.db #0x00	; 0
      00019B 00                     493 	.db #0x00	; 0
      00019C 00                     494 	.db #0x00	; 0
      00019D 03                     495 	.db #0x03	; 3
      00019E C0                     496 	.db #0xc0	; 192
      00019F 70                     497 	.db #0x70	; 112	'p'
      0001A0 88                     498 	.db #0x88	; 136
      0001A1 54                     499 	.db #0x54	; 84	'T'
      0001A2 02                     500 	.db #0x02	; 2
      0001A3 41                     501 	.db #0x41	; 65	'A'
      0001A4 01                     502 	.db #0x01	; 1
      0001A5 FE                     503 	.db #0xfe	; 254
      0001A6                        504 _pie_tiles:
      0001A6 04                     505 	.db #0x04	; 4
      0001A7 01                     506 	.db #0x01	; 1
      0001A8 00                     507 	.db #0x00	; 0
      0001A9 00                     508 	.db #0x00	; 0
      0001AA 00                     509 	.db #0x00	; 0
      0001AB 00                     510 	.db #0x00	; 0
      0001AC 00                     511 	.db #0x00	; 0
      0001AD 00                     512 	.db #0x00	; 0
      0001AE 7D                     513 	.db #0x7d	; 125
      0001AF FE                     514 	.db #0xfe	; 254
      0001B0 01                     515 	.db #0x01	; 1
      0001B1 00                     516 	.db #0x00	; 0
      0001B2 00                     517 	.db #0x00	; 0
      0001B3 00                     518 	.db #0x00	; 0
      0001B4 00                     519 	.db #0x00	; 0
      0001B5 00                     520 	.db #0x00	; 0
      0001B6 00                     521 	.db #0x00	; 0
      0001B7 B6                     522 	.db #0xb6	; 182
      0001B8 DB                     523 	.db #0xdb	; 219
      0001B9 01                     524 	.db #0x01	; 1
      0001BA FF                     525 	.db #0xff	; 255
      0001BB 3E                     526 	.db #0x3e	; 62
      0001BC 41                     527 	.db #0x41	; 65	'A'
      0001BD 7E                     528 	.db #0x7e	; 126
      0001BE 7F                     529 	.db #0x7f	; 127
      0001BF 7E                     530 	.db #0x7e	; 126
      0001C0 3F                     531 	.db #0x3f	; 63
      0001C1 00                     532 	.db #0x00	; 0
      0001C2 01                     533 	.db #0x01	; 1
      0001C3 FF                     534 	.db #0xff	; 255
      0001C4 FE                     535 	.db #0xfe	; 254
      0001C5 01                     536 	.db #0x01	; 1
      0001C6 AA                     537 	.db #0xaa	; 170
      0001C7 54                     538 	.db #0x54	; 84	'T'
      0001C8 AA                     539 	.db #0xaa	; 170
      0001C9 54                     540 	.db #0x54	; 84	'T'
      0001CA 00                     541 	.db #0x00	; 0
      0001CB                        542 _pie_mask:
      0001CB 04                     543 	.db #0x04	; 4
      0001CC 03                     544 	.db #0x03	; 3
      0001CD FF                     545 	.db #0xff	; 255
      0001CE FF                     546 	.db #0xff	; 255
      0001CF FF                     547 	.db #0xff	; 255
      0001D0 FF                     548 	.db #0xff	; 255
      0001D1 FF                     549 	.db #0xff	; 255
      0001D2 00                     550 	.db #0x00	; 0
      0001D3 00                     551 	.db #0x00	; 0
      0001D4 00                     552 	.db #0x00	; 0
      0001D5 03                     553 	.db #0x03	; 3
      0001D6 FF                     554 	.db #0xff	; 255
      0001D7 FF                     555 	.db #0xff	; 255
      0001D8 FF                     556 	.db #0xff	; 255
      0001D9 FF                     557 	.db #0xff	; 255
      0001DA FF                     558 	.db #0xff	; 255
      0001DB 00                     559 	.db #0x00	; 0
      0001DC 00                     560 	.db #0x00	; 0
      0001DD 00                     561 	.db #0x00	; 0
      0001DE 03                     562 	.db #0x03	; 3
      0001DF 00                     563 	.db #0x00	; 0
      0001E0 00                     564 	.db #0x00	; 0
      0001E1 00                     565 	.db #0x00	; 0
      0001E2 00                     566 	.db #0x00	; 0
      0001E3 00                     567 	.db #0x00	; 0
      0001E4 00                     568 	.db #0x00	; 0
      0001E5 00                     569 	.db #0x00	; 0
      0001E6 80                     570 	.db #0x80	; 128
      0001E7 03                     571 	.db #0x03	; 3
      0001E8 00                     572 	.db #0x00	; 0
      0001E9 00                     573 	.db #0x00	; 0
      0001EA 00                     574 	.db #0x00	; 0
      0001EB 00                     575 	.db #0x00	; 0
      0001EC 00                     576 	.db #0x00	; 0
      0001ED 00                     577 	.db #0x00	; 0
      0001EE 00                     578 	.db #0x00	; 0
      0001EF 01                     579 	.db #0x01	; 1
      0001F0                        580 _jar_tiles:
      0001F0 04                     581 	.db #0x04	; 4
      0001F1 01                     582 	.db #0x01	; 1
      0001F2 03                     583 	.db #0x03	; 3
      0001F3 0C                     584 	.db #0x0c	; 12
      0001F4 12                     585 	.db #0x12	; 18
      0001F5 1C                     586 	.db #0x1c	; 28
      0001F6 23                     587 	.db #0x23	; 35
      0001F7 28                     588 	.db #0x28	; 40
      0001F8 5C                     589 	.db #0x5c	; 92
      0001F9 51                     590 	.db #0x51	; 81	'Q'
      0001FA 01                     591 	.db #0x01	; 1
      0001FB C0                     592 	.db #0xc0	; 192
      0001FC 30                     593 	.db #0x30	; 48	'0'
      0001FD 88                     594 	.db #0x88	; 136
      0001FE 38                     595 	.db #0x38	; 56	'8'
      0001FF C4                     596 	.db #0xc4	; 196
      000200 14                     597 	.db #0x14	; 20
      000201 BA                     598 	.db #0xba	; 186
      000202 7A                     599 	.db #0x7a	; 122	'z'
      000203 01                     600 	.db #0x01	; 1
      000204 42                     601 	.db #0x42	; 66	'B'
      000205 55                     602 	.db #0x55	; 85	'U'
      000206 48                     603 	.db #0x48	; 72	'H'
      000207 45                     604 	.db #0x45	; 69	'E'
      000208 4A                     605 	.db #0x4a	; 74	'J'
      000209 31                     606 	.db #0x31	; 49	'1'
      00020A 0F                     607 	.db #0x0f	; 15
      00020B 00                     608 	.db #0x00	; 0
      00020C 01                     609 	.db #0x01	; 1
      00020D FA                     610 	.db #0xfa	; 250
      00020E 7A                     611 	.db #0x7a	; 122	'z'
      00020F 1E                     612 	.db #0x1e	; 30
      000210 66                     613 	.db #0x66	; 102	'f'
      000211 FE                     614 	.db #0xfe	; 254
      000212 4C                     615 	.db #0x4c	; 76	'L'
      000213 F0                     616 	.db #0xf0	; 240
      000214 00                     617 	.db #0x00	; 0
      000215                        618 _jar_mask:
      000215 04                     619 	.db #0x04	; 4
      000216 03                     620 	.db #0x03	; 3
      000217 E0                     621 	.db #0xe0	; 224
      000218 C0                     622 	.db #0xc0	; 192
      000219 C0                     623 	.db #0xc0	; 192
      00021A 80                     624 	.db #0x80	; 128
      00021B 80                     625 	.db #0x80	; 128
      00021C 00                     626 	.db #0x00	; 0
      00021D 00                     627 	.db #0x00	; 0
      00021E 00                     628 	.db #0x00	; 0
      00021F 03                     629 	.db #0x03	; 3
      000220 07                     630 	.db #0x07	; 7
      000221 03                     631 	.db #0x03	; 3
      000222 03                     632 	.db #0x03	; 3
      000223 01                     633 	.db #0x01	; 1
      000224 01                     634 	.db #0x01	; 1
      000225 00                     635 	.db #0x00	; 0
      000226 00                     636 	.db #0x00	; 0
      000227 00                     637 	.db #0x00	; 0
      000228 03                     638 	.db #0x03	; 3
      000229 00                     639 	.db #0x00	; 0
      00022A 00                     640 	.db #0x00	; 0
      00022B 00                     641 	.db #0x00	; 0
      00022C 00                     642 	.db #0x00	; 0
      00022D 00                     643 	.db #0x00	; 0
      00022E 00                     644 	.db #0x00	; 0
      00022F 80                     645 	.db #0x80	; 128
      000230 E0                     646 	.db #0xe0	; 224
      000231 03                     647 	.db #0x03	; 3
      000232 00                     648 	.db #0x00	; 0
      000233 00                     649 	.db #0x00	; 0
      000234 00                     650 	.db #0x00	; 0
      000235 00                     651 	.db #0x00	; 0
      000236 00                     652 	.db #0x00	; 0
      000237 00                     653 	.db #0x00	; 0
      000238 01                     654 	.db #0x01	; 1
      000239 07                     655 	.db #0x07	; 7
      00023A                        656 _lid_tiles:
      00023A 04                     657 	.db #0x04	; 4
      00023B 03                     658 	.db #0x03	; 3
      00023C 00                     659 	.db #0x00	; 0
      00023D 00                     660 	.db #0x00	; 0
      00023E 03                     661 	.db #0x03	; 3
      00023F 08                     662 	.db #0x08	; 8
      000240 12                     663 	.db #0x12	; 18
      000241 29                     664 	.db #0x29	; 41
      000242 1A                     665 	.db #0x1a	; 26
      000243 28                     666 	.db #0x28	; 40
      000244 03                     667 	.db #0x03	; 3
      000245 00                     668 	.db #0x00	; 0
      000246 00                     669 	.db #0x00	; 0
      000247 C0                     670 	.db #0xc0	; 192
      000248 30                     671 	.db #0x30	; 48	'0'
      000249 D8                     672 	.db #0xd8	; 216
      00024A D8                     673 	.db #0xd8	; 216
      00024B DC                     674 	.db #0xdc	; 220
      00024C 1C                     675 	.db #0x1c	; 28
      00024D 03                     676 	.db #0x03	; 3
      00024E 1C                     677 	.db #0x1c	; 28
      00024F 2F                     678 	.db #0x2f	; 47
      000250 17                     679 	.db #0x17	; 23
      000251 2B                     680 	.db #0x2b	; 43
      000252 13                     681 	.db #0x13	; 19
      000253 0C                     682 	.db #0x0c	; 12
      000254 03                     683 	.db #0x03	; 3
      000255 00                     684 	.db #0x00	; 0
      000256 03                     685 	.db #0x03	; 3
      000257 3C                     686 	.db #0x3c	; 60
      000258 F8                     687 	.db #0xf8	; 248
      000259 F8                     688 	.db #0xf8	; 248
      00025A F4                     689 	.db #0xf4	; 244
      00025B C8                     690 	.db #0xc8	; 200
      00025C 30                     691 	.db #0x30	; 48	'0'
      00025D C0                     692 	.db #0xc0	; 192
      00025E 00                     693 	.db #0x00	; 0
      00025F                        694 _lid_mask:
      00025F 04                     695 	.db #0x04	; 4
      000260 03                     696 	.db #0x03	; 3
      000261 FF                     697 	.db #0xff	; 255
      000262 F8                     698 	.db #0xf8	; 248
      000263 E0                     699 	.db #0xe0	; 224
      000264 C0                     700 	.db #0xc0	; 192
      000265 80                     701 	.db #0x80	; 128
      000266 80                     702 	.db #0x80	; 128
      000267 80                     703 	.db #0x80	; 128
      000268 80                     704 	.db #0x80	; 128
      000269 03                     705 	.db #0x03	; 3
      00026A FF                     706 	.db #0xff	; 255
      00026B 1F                     707 	.db #0x1f	; 31
      00026C 07                     708 	.db #0x07	; 7
      00026D 03                     709 	.db #0x03	; 3
      00026E 03                     710 	.db #0x03	; 3
      00026F 01                     711 	.db #0x01	; 1
      000270 01                     712 	.db #0x01	; 1
      000271 01                     713 	.db #0x01	; 1
      000272 03                     714 	.db #0x03	; 3
      000273 80                     715 	.db #0x80	; 128
      000274 80                     716 	.db #0x80	; 128
      000275 80                     717 	.db #0x80	; 128
      000276 80                     718 	.db #0x80	; 128
      000277 80                     719 	.db #0x80	; 128
      000278 C0                     720 	.db #0xc0	; 192
      000279 E0                     721 	.db #0xe0	; 224
      00027A F8                     722 	.db #0xf8	; 248
      00027B 03                     723 	.db #0x03	; 3
      00027C 01                     724 	.db #0x01	; 1
      00027D 01                     725 	.db #0x01	; 1
      00027E 01                     726 	.db #0x01	; 1
      00027F 01                     727 	.db #0x01	; 1
      000280 01                     728 	.db #0x01	; 1
      000281 03                     729 	.db #0x03	; 3
      000282 07                     730 	.db #0x07	; 7
      000283 1F                     731 	.db #0x1f	; 31
      000284                        732 _title_map:
      000284 EE                     733 	.db #0xee	; 238
      000285 EF                     734 	.db #0xef	; 239
      000286 EF                     735 	.db #0xef	; 239
      000287 F0                     736 	.db #0xf0	; 240
      000288 F0                     737 	.db #0xf0	; 240
      000289 F1                     738 	.db #0xf1	; 241
      00028A F2                     739 	.db #0xf2	; 242
      00028B F1                     740 	.db #0xf1	; 241
      00028C EF                     741 	.db #0xef	; 239
      00028D F2                     742 	.db #0xf2	; 242
      00028E EF                     743 	.db #0xef	; 239
      00028F F0                     744 	.db #0xf0	; 240
      000290 F1                     745 	.db #0xf1	; 241
      000291 F2                     746 	.db #0xf2	; 242
      000292 F1                     747 	.db #0xf1	; 241
      000293 F2                     748 	.db #0xf2	; 242
      000294 F0                     749 	.db #0xf0	; 240
      000295 EF                     750 	.db #0xef	; 239
      000296 F0                     751 	.db #0xf0	; 240
      000297 F3                     752 	.db #0xf3	; 243
      000298 F4                     753 	.db #0xf4	; 244
      000299 F5                     754 	.db #0xf5	; 245
      00029A F5                     755 	.db #0xf5	; 245
      00029B F6                     756 	.db #0xf6	; 246
      00029C F6                     757 	.db #0xf6	; 246
      00029D F7                     758 	.db #0xf7	; 247
      00029E F8                     759 	.db #0xf8	; 248
      00029F F7                     760 	.db #0xf7	; 247
      0002A0 F5                     761 	.db #0xf5	; 245
      0002A1 F8                     762 	.db #0xf8	; 248
      0002A2 F5                     763 	.db #0xf5	; 245
      0002A3 F6                     764 	.db #0xf6	; 246
      0002A4 F7                     765 	.db #0xf7	; 247
      0002A5 F8                     766 	.db #0xf8	; 248
      0002A6 F7                     767 	.db #0xf7	; 247
      0002A7 F8                     768 	.db #0xf8	; 248
      0002A8 F6                     769 	.db #0xf6	; 246
      0002A9 F5                     770 	.db #0xf5	; 245
      0002AA F6                     771 	.db #0xf6	; 246
      0002AB F9                     772 	.db #0xf9	; 249
      0002AC FA                     773 	.db #0xfa	; 250
      0002AD FB                     774 	.db #0xfb	; 251
      0002AE FB                     775 	.db #0xfb	; 251
      0002AF FC                     776 	.db #0xfc	; 252
      0002B0 FC                     777 	.db #0xfc	; 252
      0002B1 FD                     778 	.db #0xfd	; 253
      0002B2 FE                     779 	.db #0xfe	; 254
      0002B3 FD                     780 	.db #0xfd	; 253
      0002B4 FB                     781 	.db #0xfb	; 251
      0002B5 FE                     782 	.db #0xfe	; 254
      0002B6 FB                     783 	.db #0xfb	; 251
      0002B7 FC                     784 	.db #0xfc	; 252
      0002B8 FD                     785 	.db #0xfd	; 253
      0002B9 FE                     786 	.db #0xfe	; 254
      0002BA FD                     787 	.db #0xfd	; 253
      0002BB FE                     788 	.db #0xfe	; 254
      0002BC FC                     789 	.db #0xfc	; 252
      0002BD FB                     790 	.db #0xfb	; 251
      0002BE FC                     791 	.db #0xfc	; 252
      0002BF FF                     792 	.db #0xff	; 255
      0002C0                        793 _energy_tiles:
      0002C0 04                     794 	.db #0x04	; 4
      0002C1 01                     795 	.db #0x01	; 1
      0002C2 00                     796 	.db #0x00	; 0
      0002C3 3F                     797 	.db #0x3f	; 63
      0002C4 7F                     798 	.db #0x7f	; 127
      0002C5 7F                     799 	.db #0x7f	; 127
      0002C6 7F                     800 	.db #0x7f	; 127
      0002C7 7F                     801 	.db #0x7f	; 127
      0002C8 3F                     802 	.db #0x3f	; 63
      0002C9 00                     803 	.db #0x00	; 0
      0002CA 01                     804 	.db #0x01	; 1
      0002CB 00                     805 	.db #0x00	; 0
      0002CC FF                     806 	.db #0xff	; 255
      0002CD FF                     807 	.db #0xff	; 255
      0002CE FF                     808 	.db #0xff	; 255
      0002CF FF                     809 	.db #0xff	; 255
      0002D0 FF                     810 	.db #0xff	; 255
      0002D1 FF                     811 	.db #0xff	; 255
      0002D2 00                     812 	.db #0x00	; 0
      0002D3 01                     813 	.db #0x01	; 1
      0002D4 00                     814 	.db #0x00	; 0
      0002D5 FC                     815 	.db #0xfc	; 252
      0002D6 FE                     816 	.db #0xfe	; 254
      0002D7 FE                     817 	.db #0xfe	; 254
      0002D8 FE                     818 	.db #0xfe	; 254
      0002D9 FE                     819 	.db #0xfe	; 254
      0002DA FC                     820 	.db #0xfc	; 252
      0002DB 00                     821 	.db #0x00	; 0
      0002DC 00                     822 	.db #0x00	; 0
      0002DD                        823 _dialog_frame_tiles:
      0002DD 07                     824 	.db #0x07	; 7
      0002DE 03                     825 	.db #0x03	; 3
      0002DF 00                     826 	.db #0x00	; 0
      0002E0 3C                     827 	.db #0x3c	; 60
      0002E1 52                     828 	.db #0x52	; 82	'R'
      0002E2 6A                     829 	.db #0x6a	; 106	'j'
      0002E3 52                     830 	.db #0x52	; 82	'R'
      0002E4 6A                     831 	.db #0x6a	; 106	'j'
      0002E5 52                     832 	.db #0x52	; 82	'R'
      0002E6 6A                     833 	.db #0x6a	; 106	'j'
      0002E7 03                     834 	.db #0x03	; 3
      0002E8 00                     835 	.db #0x00	; 0
      0002E9 3F                     836 	.db #0x3f	; 63
      0002EA 55                     837 	.db #0x55	; 85	'U'
      0002EB 6A                     838 	.db #0x6a	; 106	'j'
      0002EC 55                     839 	.db #0x55	; 85	'U'
      0002ED 40                     840 	.db #0x40	; 64
      0002EE 3F                     841 	.db #0x3f	; 63
      0002EF 00                     842 	.db #0x00	; 0
      0002F0 03                     843 	.db #0x03	; 3
      0002F1 91                     844 	.db #0x91	; 145
      0002F2 66                     845 	.db #0x66	; 102	'f'
      0002F3 5A                     846 	.db #0x5a	; 90	'Z'
      0002F4 AC                     847 	.db #0xac	; 172
      0002F5 35                     848 	.db #0x35	; 53	'5'
      0002F6 5A                     849 	.db #0x5a	; 90	'Z'
      0002F7 66                     850 	.db #0x66	; 102	'f'
      0002F8 89                     851 	.db #0x89	; 137
      0002F9 03                     852 	.db #0x03	; 3
      0002FA 00                     853 	.db #0x00	; 0
      0002FB FF                     854 	.db #0xff	; 255
      0002FC 55                     855 	.db #0x55	; 85	'U'
      0002FD AA                     856 	.db #0xaa	; 170
      0002FE 55                     857 	.db #0x55	; 85	'U'
      0002FF 00                     858 	.db #0x00	; 0
      000300 FF                     859 	.db #0xff	; 255
      000301 00                     860 	.db #0x00	; 0
      000302 03                     861 	.db #0x03	; 3
      000303 00                     862 	.db #0x00	; 0
      000304 FC                     863 	.db #0xfc	; 252
      000305 56                     864 	.db #0x56	; 86	'V'
      000306 AA                     865 	.db #0xaa	; 170
      000307 56                     866 	.db #0x56	; 86	'V'
      000308 02                     867 	.db #0x02	; 2
      000309 FC                     868 	.db #0xfc	; 252
      00030A 00                     869 	.db #0x00	; 0
      00030B 03                     870 	.db #0x03	; 3
      00030C 52                     871 	.db #0x52	; 82	'R'
      00030D 6A                     872 	.db #0x6a	; 106	'j'
      00030E 52                     873 	.db #0x52	; 82	'R'
      00030F 6A                     874 	.db #0x6a	; 106	'j'
      000310 52                     875 	.db #0x52	; 82	'R'
      000311 6A                     876 	.db #0x6a	; 106	'j'
      000312 52                     877 	.db #0x52	; 82	'R'
      000313 6A                     878 	.db #0x6a	; 106	'j'
      000314 03                     879 	.db #0x03	; 3
      000315 52                     880 	.db #0x52	; 82	'R'
      000316 6A                     881 	.db #0x6a	; 106	'j'
      000317 52                     882 	.db #0x52	; 82	'R'
      000318 6A                     883 	.db #0x6a	; 106	'j'
      000319 52                     884 	.db #0x52	; 82	'R'
      00031A 6A                     885 	.db #0x6a	; 106	'j'
      00031B 3C                     886 	.db #0x3c	; 60
      00031C 00                     887 	.db #0x00	; 0
      00031D                        888 _title_tiles:
      00031D 12                     889 	.db #0x12	; 18
      00031E 02                     890 	.db #0x02	; 2
      00031F 07                     891 	.db #0x07	; 7
      000320 1F                     892 	.db #0x1f	; 31
      000321 39                     893 	.db #0x39	; 57	'9'
      000322 66                     894 	.db #0x66	; 102	'f'
      000323 55                     895 	.db #0x55	; 85	'U'
      000324 FA                     896 	.db #0xfa	; 250
      000325 55                     897 	.db #0x55	; 85	'U'
      000326 EA                     898 	.db #0xea	; 234
      000327 02                     899 	.db #0x02	; 2
      000328 55                     900 	.db #0x55	; 85	'U'
      000329 BF                     901 	.db #0xbf	; 191
      00032A F7                     902 	.db #0xf7	; 247
      00032B E2                     903 	.db #0xe2	; 226
      00032C 4D                     904 	.db #0x4d	; 77	'M'
      00032D AA                     905 	.db #0xaa	; 170
      00032E 54                     906 	.db #0x54	; 84	'T'
      00032F A8                     907 	.db #0xa8	; 168
      000330 02                     908 	.db #0x02	; 2
      000331 40                     909 	.db #0x40	; 64
      000332 EA                     910 	.db #0xea	; 234
      000333 4F                     911 	.db #0x4f	; 79	'O'
      000334 8F                     912 	.db #0x8f	; 143
      000335 3D                     913 	.db #0x3d	; 61
      000336 6A                     914 	.db #0x6a	; 106	'j'
      000337 D5                     915 	.db #0xd5	; 213
      000338 AA                     916 	.db #0xaa	; 170
      000339 02                     917 	.db #0x02	; 2
      00033A 01                     918 	.db #0x01	; 1
      00033B AB                     919 	.db #0xab	; 171
      00033C F7                     920 	.db #0xf7	; 247
      00033D EE                     921 	.db #0xee	; 238
      00033E 57                     922 	.db #0x57	; 87	'W'
      00033F AA                     923 	.db #0xaa	; 170
      000340 55                     924 	.db #0x55	; 85	'U'
      000341 8A                     925 	.db #0x8a	; 138
      000342 02                     926 	.db #0x02	; 2
      000343 55                     927 	.db #0x55	; 85	'U'
      000344 BF                     928 	.db #0xbf	; 191
      000345 FF                     929 	.db #0xff	; 255
      000346 AA                     930 	.db #0xaa	; 170
      000347 45                     931 	.db #0x45	; 69	'E'
      000348 9A                     932 	.db #0x9a	; 154
      000349 55                     933 	.db #0x55	; 85	'U'
      00034A AA                     934 	.db #0xaa	; 170
      00034B 02                     935 	.db #0x02	; 2
      00034C 50                     936 	.db #0x50	; 80	'P'
      00034D F8                     937 	.db #0xf8	; 248
      00034E 54                     938 	.db #0x54	; 84	'T'
      00034F AE                     939 	.db #0xae	; 174
      000350 4C                     940 	.db #0x4c	; 76	'L'
      000351 9A                     941 	.db #0x9a	; 154
      000352 55                     942 	.db #0x55	; 85	'U'
      000353 98                     943 	.db #0x98	; 152
      000354 02                     944 	.db #0x02	; 2
      000355 55                     945 	.db #0x55	; 85	'U'
      000356 EA                     946 	.db #0xea	; 234
      000357 75                     947 	.db #0x75	; 117	'u'
      000358 EA                     948 	.db #0xea	; 234
      000359 75                     949 	.db #0x75	; 117	'u'
      00035A EA                     950 	.db #0xea	; 234
      00035B 75                     951 	.db #0x75	; 117	'u'
      00035C E8                     952 	.db #0xe8	; 232
      00035D 02                     953 	.db #0x02	; 2
      00035E 53                     954 	.db #0x53	; 83	'S'
      00035F 86                     955 	.db #0x86	; 134
      000360 55                     956 	.db #0x55	; 85	'U'
      000361 AA                     957 	.db #0xaa	; 170
      000362 45                     958 	.db #0x45	; 69	'E'
      000363 AA                     959 	.db #0xaa	; 170
      000364 4D                     960 	.db #0x4d	; 77	'M'
      000365 AA                     961 	.db #0xaa	; 170
      000366 02                     962 	.db #0x02	; 2
      000367 55                     963 	.db #0x55	; 85	'U'
      000368 AA                     964 	.db #0xaa	; 170
      000369 54                     965 	.db #0x54	; 84	'T'
      00036A AA                     966 	.db #0xaa	; 170
      00036B 54                     967 	.db #0x54	; 84	'T'
      00036C AA                     968 	.db #0xaa	; 170
      00036D 55                     969 	.db #0x55	; 85	'U'
      00036E AA                     970 	.db #0xaa	; 170
      00036F 02                     971 	.db #0x02	; 2
      000370 05                     972 	.db #0x05	; 5
      000371 2B                     973 	.db #0x2b	; 43
      000372 55                     974 	.db #0x55	; 85	'U'
      000373 AB                     975 	.db #0xab	; 171
      000374 57                     976 	.db #0x57	; 87	'W'
      000375 AE                     977 	.db #0xae	; 174
      000376 5D                     978 	.db #0x5d	; 93
      000377 BA                     979 	.db #0xba	; 186
      000378 02                     980 	.db #0x02	; 2
      000379 55                     981 	.db #0x55	; 85	'U'
      00037A AA                     982 	.db #0xaa	; 170
      00037B 55                     983 	.db #0x55	; 85	'U'
      00037C AA                     984 	.db #0xaa	; 170
      00037D 55                     985 	.db #0x55	; 85	'U'
      00037E AA                     986 	.db #0xaa	; 170
      00037F 55                     987 	.db #0x55	; 85	'U'
      000380 AA                     988 	.db #0xaa	; 170
      000381 02                     989 	.db #0x02	; 2
      000382 55                     990 	.db #0x55	; 85	'U'
      000383 98                     991 	.db #0x98	; 152
      000384 35                     992 	.db #0x35	; 53	'5'
      000385 E8                     993 	.db #0xe8	; 232
      000386 55                     994 	.db #0x55	; 85	'U'
      000387 AA                     995 	.db #0xaa	; 170
      000388 50                     996 	.db #0x50	; 80	'P'
      000389 AA                     997 	.db #0xaa	; 170
      00038A 02                     998 	.db #0x02	; 2
      00038B 53                     999 	.db #0x53	; 83	'S'
      00038C EA                    1000 	.db #0xea	; 234
      00038D 75                    1001 	.db #0x75	; 117	'u'
      00038E 0A                    1002 	.db #0x0a	; 10
      00038F 41                    1003 	.db #0x41	; 65	'A'
      000390 20                    1004 	.db #0x20	; 32
      000391 15                    1005 	.db #0x15	; 21
      000392 02                    1006 	.db #0x02	; 2
      000393 02                    1007 	.db #0x02	; 2
      000394 4D                    1008 	.db #0x4d	; 77	'M'
      000395 9A                    1009 	.db #0x9a	; 154
      000396 35                    1010 	.db #0x35	; 53	'5'
      000397 AA                    1011 	.db #0xaa	; 170
      000398 50                    1012 	.db #0x50	; 80	'P'
      000399 80                    1013 	.db #0x80	; 128
      00039A 55                    1014 	.db #0x55	; 85	'U'
      00039B 00                    1015 	.db #0x00	; 0
      00039C 02                    1016 	.db #0x02	; 2
      00039D 54                    1017 	.db #0x54	; 84	'T'
      00039E AA                    1018 	.db #0xaa	; 170
      00039F 54                    1019 	.db #0x54	; 84	'T'
      0003A0 81                    1020 	.db #0x81	; 129
      0003A1 03                    1021 	.db #0x03	; 3
      0003A2 02                    1022 	.db #0x02	; 2
      0003A3 50                    1023 	.db #0x50	; 80	'P'
      0003A4 2A                    1024 	.db #0x2a	; 42
      0003A5 02                    1025 	.db #0x02	; 2
      0003A6 D4                    1026 	.db #0xd4	; 212
      0003A7 A9                    1027 	.db #0xa9	; 169
      0003A8 D5                    1028 	.db #0xd5	; 213
      0003A9 AA                    1029 	.db #0xaa	; 170
      0003AA 54                    1030 	.db #0x54	; 84	'T'
      0003AB 80                    1031 	.db #0x80	; 128
      0003AC 01                    1032 	.db #0x01	; 1
      0003AD AA                    1033 	.db #0xaa	; 170
      0003AE 02                    1034 	.db #0x02	; 2
      0003AF 53                    1035 	.db #0x53	; 83	'S'
      0003B0 AA                    1036 	.db #0xaa	; 170
      0003B1 55                    1037 	.db #0x55	; 85	'U'
      0003B2 A2                    1038 	.db #0xa2	; 162
      0003B3 05                    1039 	.db #0x05	; 5
      0003B4 00                    1040 	.db #0x00	; 0
      0003B5 55                    1041 	.db #0x55	; 85	'U'
      0003B6 0A                    1042 	.db #0x0a	; 10
      0003B7 02                    1043 	.db #0x02	; 2
      0003B8 10                    1044 	.db #0x10	; 16
      0003B9 6A                    1045 	.db #0x6a	; 106	'j'
      0003BA 50                    1046 	.db #0x50	; 80	'P'
      0003BB A2                    1047 	.db #0xa2	; 162
      0003BC 44                    1048 	.db #0x44	; 68	'D'
      0003BD 08                    1049 	.db #0x08	; 8
      0003BE 10                    1050 	.db #0x10	; 16
      0003BF A0                    1051 	.db #0xa0	; 160
      0003C0                       1052 _font_tiles:
      0003C0 3A                    1053 	.db #0x3a	; 58
      0003C1 01                    1054 	.db #0x01	; 1
      0003C2 00                    1055 	.db #0x00	; 0
      0003C3 10                    1056 	.db #0x10	; 16
      0003C4 38                    1057 	.db #0x38	; 56	'8'
      0003C5 38                    1058 	.db #0x38	; 56	'8'
      0003C6 10                    1059 	.db #0x10	; 16
      0003C7 10                    1060 	.db #0x10	; 16
      0003C8 00                    1061 	.db #0x00	; 0
      0003C9 10                    1062 	.db #0x10	; 16
      0003CA 01                    1063 	.db #0x01	; 1
      0003CB 00                    1064 	.db #0x00	; 0
      0003CC 36                    1065 	.db #0x36	; 54	'6'
      0003CD 36                    1066 	.db #0x36	; 54	'6'
      0003CE 12                    1067 	.db #0x12	; 18
      0003CF 24                    1068 	.db #0x24	; 36
      0003D0 00                    1069 	.db #0x00	; 0
      0003D1 00                    1070 	.db #0x00	; 0
      0003D2 00                    1071 	.db #0x00	; 0
      0003D3 01                    1072 	.db #0x01	; 1
      0003D4 00                    1073 	.db #0x00	; 0
      0003D5 00                    1074 	.db #0x00	; 0
      0003D6 24                    1075 	.db #0x24	; 36
      0003D7 7E                    1076 	.db #0x7e	; 126
      0003D8 24                    1077 	.db #0x24	; 36
      0003D9 24                    1078 	.db #0x24	; 36
      0003DA 7E                    1079 	.db #0x7e	; 126
      0003DB 24                    1080 	.db #0x24	; 36
      0003DC 01                    1081 	.db #0x01	; 1
      0003DD 00                    1082 	.db #0x00	; 0
      0003DE 00                    1083 	.db #0x00	; 0
      0003DF 08                    1084 	.db #0x08	; 8
      0003E0 3E                    1085 	.db #0x3e	; 62
      0003E1 28                    1086 	.db #0x28	; 40
      0003E2 3E                    1087 	.db #0x3e	; 62
      0003E3 0A                    1088 	.db #0x0a	; 10
      0003E4 3E                    1089 	.db #0x3e	; 62
      0003E5 01                    1090 	.db #0x01	; 1
      0003E6 00                    1091 	.db #0x00	; 0
      0003E7 00                    1092 	.db #0x00	; 0
      0003E8 66                    1093 	.db #0x66	; 102	'f'
      0003E9 6C                    1094 	.db #0x6c	; 108	'l'
      0003EA 18                    1095 	.db #0x18	; 24
      0003EB 30                    1096 	.db #0x30	; 48	'0'
      0003EC 6C                    1097 	.db #0x6c	; 108	'l'
      0003ED CC                    1098 	.db #0xcc	; 204
      0003EE 01                    1099 	.db #0x01	; 1
      0003EF 00                    1100 	.db #0x00	; 0
      0003F0 00                    1101 	.db #0x00	; 0
      0003F1 00                    1102 	.db #0x00	; 0
      0003F2 00                    1103 	.db #0x00	; 0
      0003F3 08                    1104 	.db #0x08	; 8
      0003F4 1C                    1105 	.db #0x1c	; 28
      0003F5 08                    1106 	.db #0x08	; 8
      0003F6 00                    1107 	.db #0x00	; 0
      0003F7 01                    1108 	.db #0x01	; 1
      0003F8 00                    1109 	.db #0x00	; 0
      0003F9 18                    1110 	.db #0x18	; 24
      0003FA 18                    1111 	.db #0x18	; 24
      0003FB 30                    1112 	.db #0x30	; 48	'0'
      0003FC 00                    1113 	.db #0x00	; 0
      0003FD 00                    1114 	.db #0x00	; 0
      0003FE 00                    1115 	.db #0x00	; 0
      0003FF 00                    1116 	.db #0x00	; 0
      000400 01                    1117 	.db #0x01	; 1
      000401 00                    1118 	.db #0x00	; 0
      000402 00                    1119 	.db #0x00	; 0
      000403 38                    1120 	.db #0x38	; 56	'8'
      000404 70                    1121 	.db #0x70	; 112	'p'
      000405 60                    1122 	.db #0x60	; 96
      000406 60                    1123 	.db #0x60	; 96
      000407 70                    1124 	.db #0x70	; 112	'p'
      000408 38                    1125 	.db #0x38	; 56	'8'
      000409 01                    1126 	.db #0x01	; 1
      00040A 00                    1127 	.db #0x00	; 0
      00040B 00                    1128 	.db #0x00	; 0
      00040C 38                    1129 	.db #0x38	; 56	'8'
      00040D 1C                    1130 	.db #0x1c	; 28
      00040E 0C                    1131 	.db #0x0c	; 12
      00040F 0C                    1132 	.db #0x0c	; 12
      000410 1C                    1133 	.db #0x1c	; 28
      000411 38                    1134 	.db #0x38	; 56	'8'
      000412 01                    1135 	.db #0x01	; 1
      000413 00                    1136 	.db #0x00	; 0
      000414 00                    1137 	.db #0x00	; 0
      000415 00                    1138 	.db #0x00	; 0
      000416 2C                    1139 	.db #0x2c	; 44
      000417 38                    1140 	.db #0x38	; 56	'8'
      000418 1C                    1141 	.db #0x1c	; 28
      000419 34                    1142 	.db #0x34	; 52	'4'
      00041A 00                    1143 	.db #0x00	; 0
      00041B 01                    1144 	.db #0x01	; 1
      00041C 00                    1145 	.db #0x00	; 0
      00041D 00                    1146 	.db #0x00	; 0
      00041E 18                    1147 	.db #0x18	; 24
      00041F 18                    1148 	.db #0x18	; 24
      000420 7E                    1149 	.db #0x7e	; 126
      000421 7E                    1150 	.db #0x7e	; 126
      000422 18                    1151 	.db #0x18	; 24
      000423 18                    1152 	.db #0x18	; 24
      000424 01                    1153 	.db #0x01	; 1
      000425 00                    1154 	.db #0x00	; 0
      000426 00                    1155 	.db #0x00	; 0
      000427 00                    1156 	.db #0x00	; 0
      000428 00                    1157 	.db #0x00	; 0
      000429 00                    1158 	.db #0x00	; 0
      00042A 18                    1159 	.db #0x18	; 24
      00042B 18                    1160 	.db #0x18	; 24
      00042C 30                    1161 	.db #0x30	; 48	'0'
      00042D 01                    1162 	.db #0x01	; 1
      00042E 00                    1163 	.db #0x00	; 0
      00042F 00                    1164 	.db #0x00	; 0
      000430 00                    1165 	.db #0x00	; 0
      000431 00                    1166 	.db #0x00	; 0
      000432 3C                    1167 	.db #0x3c	; 60
      000433 78                    1168 	.db #0x78	; 120	'x'
      000434 00                    1169 	.db #0x00	; 0
      000435 00                    1170 	.db #0x00	; 0
      000436 01                    1171 	.db #0x01	; 1
      000437 00                    1172 	.db #0x00	; 0
      000438 00                    1173 	.db #0x00	; 0
      000439 00                    1174 	.db #0x00	; 0
      00043A 00                    1175 	.db #0x00	; 0
      00043B 00                    1176 	.db #0x00	; 0
      00043C 00                    1177 	.db #0x00	; 0
      00043D 18                    1178 	.db #0x18	; 24
      00043E 18                    1179 	.db #0x18	; 24
      00043F 01                    1180 	.db #0x01	; 1
      000440 00                    1181 	.db #0x00	; 0
      000441 00                    1182 	.db #0x00	; 0
      000442 06                    1183 	.db #0x06	; 6
      000443 0C                    1184 	.db #0x0c	; 12
      000444 18                    1185 	.db #0x18	; 24
      000445 30                    1186 	.db #0x30	; 48	'0'
      000446 60                    1187 	.db #0x60	; 96
      000447 C0                    1188 	.db #0xc0	; 192
      000448 01                    1189 	.db #0x01	; 1
      000449 00                    1190 	.db #0x00	; 0
      00044A 7C                    1191 	.db #0x7c	; 124
      00044B EE                    1192 	.db #0xee	; 238
      00044C C6                    1193 	.db #0xc6	; 198
      00044D C6                    1194 	.db #0xc6	; 198
      00044E C6                    1195 	.db #0xc6	; 198
      00044F EE                    1196 	.db #0xee	; 238
      000450 7C                    1197 	.db #0x7c	; 124
      000451 01                    1198 	.db #0x01	; 1
      000452 00                    1199 	.db #0x00	; 0
      000453 18                    1200 	.db #0x18	; 24
      000454 38                    1201 	.db #0x38	; 56	'8'
      000455 38                    1202 	.db #0x38	; 56	'8'
      000456 18                    1203 	.db #0x18	; 24
      000457 18                    1204 	.db #0x18	; 24
      000458 3E                    1205 	.db #0x3e	; 62
      000459 7C                    1206 	.db #0x7c	; 124
      00045A 01                    1207 	.db #0x01	; 1
      00045B 00                    1208 	.db #0x00	; 0
      00045C 7C                    1209 	.db #0x7c	; 124
      00045D CE                    1210 	.db #0xce	; 206
      00045E 9C                    1211 	.db #0x9c	; 156
      00045F 38                    1212 	.db #0x38	; 56	'8'
      000460 70                    1213 	.db #0x70	; 112	'p'
      000461 E6                    1214 	.db #0xe6	; 230
      000462 FE                    1215 	.db #0xfe	; 254
      000463 01                    1216 	.db #0x01	; 1
      000464 00                    1217 	.db #0x00	; 0
      000465 7E                    1218 	.db #0x7e	; 126
      000466 CC                    1219 	.db #0xcc	; 204
      000467 98                    1220 	.db #0x98	; 152
      000468 3C                    1221 	.db #0x3c	; 60
      000469 0E                    1222 	.db #0x0e	; 14
      00046A CE                    1223 	.db #0xce	; 206
      00046B 7C                    1224 	.db #0x7c	; 124
      00046C 01                    1225 	.db #0x01	; 1
      00046D 08                    1226 	.db #0x08	; 8
      00046E 60                    1227 	.db #0x60	; 96
      00046F C8                    1228 	.db #0xc8	; 200
      000470 D8                    1229 	.db #0xd8	; 216
      000471 7E                    1230 	.db #0x7e	; 126
      000472 18                    1231 	.db #0x18	; 24
      000473 18                    1232 	.db #0x18	; 24
      000474 10                    1233 	.db #0x10	; 16
      000475 01                    1234 	.db #0x01	; 1
      000476 00                    1235 	.db #0x00	; 0
      000477 FC                    1236 	.db #0xfc	; 252
      000478 66                    1237 	.db #0x66	; 102	'f'
      000479 60                    1238 	.db #0x60	; 96
      00047A 7C                    1239 	.db #0x7c	; 124
      00047B 0E                    1240 	.db #0x0e	; 14
      00047C CE                    1241 	.db #0xce	; 206
      00047D 7C                    1242 	.db #0x7c	; 124
      00047E 01                    1243 	.db #0x01	; 1
      00047F 00                    1244 	.db #0x00	; 0
      000480 3C                    1245 	.db #0x3c	; 60
      000481 60                    1246 	.db #0x60	; 96
      000482 DC                    1247 	.db #0xdc	; 220
      000483 F6                    1248 	.db #0xf6	; 246
      000484 C2                    1249 	.db #0xc2	; 194
      000485 E6                    1250 	.db #0xe6	; 230
      000486 7C                    1251 	.db #0x7c	; 124
      000487 01                    1252 	.db #0x01	; 1
      000488 00                    1253 	.db #0x00	; 0
      000489 7E                    1254 	.db #0x7e	; 126
      00048A E6                    1255 	.db #0xe6	; 230
      00048B 0E                    1256 	.db #0x0e	; 14
      00048C 1C                    1257 	.db #0x1c	; 28
      00048D 38                    1258 	.db #0x38	; 56	'8'
      00048E 30                    1259 	.db #0x30	; 48	'0'
      00048F 30                    1260 	.db #0x30	; 48	'0'
      000490 01                    1261 	.db #0x01	; 1
      000491 00                    1262 	.db #0x00	; 0
      000492 7C                    1263 	.db #0x7c	; 124
      000493 EE                    1264 	.db #0xee	; 238
      000494 C6                    1265 	.db #0xc6	; 198
      000495 7C                    1266 	.db #0x7c	; 124
      000496 C6                    1267 	.db #0xc6	; 198
      000497 EE                    1268 	.db #0xee	; 238
      000498 7C                    1269 	.db #0x7c	; 124
      000499 01                    1270 	.db #0x01	; 1
      00049A 00                    1271 	.db #0x00	; 0
      00049B 7C                    1272 	.db #0x7c	; 124
      00049C CE                    1273 	.db #0xce	; 206
      00049D 86                    1274 	.db #0x86	; 134
      00049E DE                    1275 	.db #0xde	; 222
      00049F 76                    1276 	.db #0x76	; 118	'v'
      0004A0 0C                    1277 	.db #0x0c	; 12
      0004A1 78                    1278 	.db #0x78	; 120	'x'
      0004A2 01                    1279 	.db #0x01	; 1
      0004A3 00                    1280 	.db #0x00	; 0
      0004A4 00                    1281 	.db #0x00	; 0
      0004A5 18                    1282 	.db #0x18	; 24
      0004A6 18                    1283 	.db #0x18	; 24
      0004A7 00                    1284 	.db #0x00	; 0
      0004A8 18                    1285 	.db #0x18	; 24
      0004A9 18                    1286 	.db #0x18	; 24
      0004AA 00                    1287 	.db #0x00	; 0
      0004AB 01                    1288 	.db #0x01	; 1
      0004AC 00                    1289 	.db #0x00	; 0
      0004AD 00                    1290 	.db #0x00	; 0
      0004AE 18                    1291 	.db #0x18	; 24
      0004AF 18                    1292 	.db #0x18	; 24
      0004B0 00                    1293 	.db #0x00	; 0
      0004B1 18                    1294 	.db #0x18	; 24
      0004B2 18                    1295 	.db #0x18	; 24
      0004B3 30                    1296 	.db #0x30	; 48	'0'
      0004B4 01                    1297 	.db #0x01	; 1
      0004B5 00                    1298 	.db #0x00	; 0
      0004B6 00                    1299 	.db #0x00	; 0
      0004B7 18                    1300 	.db #0x18	; 24
      0004B8 30                    1301 	.db #0x30	; 48	'0'
      0004B9 60                    1302 	.db #0x60	; 96
      0004BA 60                    1303 	.db #0x60	; 96
      0004BB 30                    1304 	.db #0x30	; 48	'0'
      0004BC 18                    1305 	.db #0x18	; 24
      0004BD 01                    1306 	.db #0x01	; 1
      0004BE 00                    1307 	.db #0x00	; 0
      0004BF 00                    1308 	.db #0x00	; 0
      0004C0 3C                    1309 	.db #0x3c	; 60
      0004C1 78                    1310 	.db #0x78	; 120	'x'
      0004C2 00                    1311 	.db #0x00	; 0
      0004C3 3C                    1312 	.db #0x3c	; 60
      0004C4 78                    1313 	.db #0x78	; 120	'x'
      0004C5 00                    1314 	.db #0x00	; 0
      0004C6 01                    1315 	.db #0x01	; 1
      0004C7 00                    1316 	.db #0x00	; 0
      0004C8 00                    1317 	.db #0x00	; 0
      0004C9 30                    1318 	.db #0x30	; 48	'0'
      0004CA 18                    1319 	.db #0x18	; 24
      0004CB 0C                    1320 	.db #0x0c	; 12
      0004CC 0C                    1321 	.db #0x0c	; 12
      0004CD 18                    1322 	.db #0x18	; 24
      0004CE 30                    1323 	.db #0x30	; 48	'0'
      0004CF 01                    1324 	.db #0x01	; 1
      0004D0 00                    1325 	.db #0x00	; 0
      0004D1 7C                    1326 	.db #0x7c	; 124
      0004D2 C6                    1327 	.db #0xc6	; 198
      0004D3 46                    1328 	.db #0x46	; 70	'F'
      0004D4 1C                    1329 	.db #0x1c	; 28
      0004D5 30                    1330 	.db #0x30	; 48	'0'
      0004D6 00                    1331 	.db #0x00	; 0
      0004D7 30                    1332 	.db #0x30	; 48	'0'
      0004D8 01                    1333 	.db #0x01	; 1
      0004D9 00                    1334 	.db #0x00	; 0
      0004DA 38                    1335 	.db #0x38	; 56	'8'
      0004DB 7C                    1336 	.db #0x7c	; 124
      0004DC 7C                    1337 	.db #0x7c	; 124
      0004DD FE                    1338 	.db #0xfe	; 254
      0004DE FE                    1339 	.db #0xfe	; 254
      0004DF FE                    1340 	.db #0xfe	; 254
      0004E0 7C                    1341 	.db #0x7c	; 124
      0004E1 01                    1342 	.db #0x01	; 1
      0004E2 00                    1343 	.db #0x00	; 0
      0004E3 3C                    1344 	.db #0x3c	; 60
      0004E4 66                    1345 	.db #0x66	; 102	'f'
      0004E5 C6                    1346 	.db #0xc6	; 198
      0004E6 FE                    1347 	.db #0xfe	; 254
      0004E7 C6                    1348 	.db #0xc6	; 198
      0004E8 E6                    1349 	.db #0xe6	; 230
      0004E9 66                    1350 	.db #0x66	; 102	'f'
      0004EA 01                    1351 	.db #0x01	; 1
      0004EB 00                    1352 	.db #0x00	; 0
      0004EC D8                    1353 	.db #0xd8	; 216
      0004ED EC                    1354 	.db #0xec	; 236
      0004EE CC                    1355 	.db #0xcc	; 204
      0004EF FC                    1356 	.db #0xfc	; 252
      0004F0 C6                    1357 	.db #0xc6	; 198
      0004F1 E6                    1358 	.db #0xe6	; 230
      0004F2 DC                    1359 	.db #0xdc	; 220
      0004F3 01                    1360 	.db #0x01	; 1
      0004F4 00                    1361 	.db #0x00	; 0
      0004F5 38                    1362 	.db #0x38	; 56	'8'
      0004F6 6C                    1363 	.db #0x6c	; 108	'l'
      0004F7 C6                    1364 	.db #0xc6	; 198
      0004F8 C0                    1365 	.db #0xc0	; 192
      0004F9 C2                    1366 	.db #0xc2	; 194
      0004FA EE                    1367 	.db #0xee	; 238
      0004FB 7C                    1368 	.db #0x7c	; 124
      0004FC 01                    1369 	.db #0x01	; 1
      0004FD 00                    1370 	.db #0x00	; 0
      0004FE DC                    1371 	.db #0xdc	; 220
      0004FF E6                    1372 	.db #0xe6	; 230
      000500 C6                    1373 	.db #0xc6	; 198
      000501 C6                    1374 	.db #0xc6	; 198
      000502 C6                    1375 	.db #0xc6	; 198
      000503 CC                    1376 	.db #0xcc	; 204
      000504 F8                    1377 	.db #0xf8	; 248
      000505 01                    1378 	.db #0x01	; 1
      000506 00                    1379 	.db #0x00	; 0
      000507 DC                    1380 	.db #0xdc	; 220
      000508 E6                    1381 	.db #0xe6	; 230
      000509 60                    1382 	.db #0x60	; 96
      00050A 7C                    1383 	.db #0x7c	; 124
      00050B 60                    1384 	.db #0x60	; 96
      00050C E6                    1385 	.db #0xe6	; 230
      00050D DC                    1386 	.db #0xdc	; 220
      00050E 01                    1387 	.db #0x01	; 1
      00050F 00                    1388 	.db #0x00	; 0
      000510 EE                    1389 	.db #0xee	; 238
      000511 72                    1390 	.db #0x72	; 114	'r'
      000512 60                    1391 	.db #0x60	; 96
      000513 7C                    1392 	.db #0x7c	; 124
      000514 60                    1393 	.db #0x60	; 96
      000515 E0                    1394 	.db #0xe0	; 224
      000516 C0                    1395 	.db #0xc0	; 192
      000517 01                    1396 	.db #0x01	; 1
      000518 00                    1397 	.db #0x00	; 0
      000519 3C                    1398 	.db #0x3c	; 60
      00051A 66                    1399 	.db #0x66	; 102	'f'
      00051B C0                    1400 	.db #0xc0	; 192
      00051C CE                    1401 	.db #0xce	; 206
      00051D C4                    1402 	.db #0xc4	; 196
      00051E EC                    1403 	.db #0xec	; 236
      00051F 78                    1404 	.db #0x78	; 120	'x'
      000520 01                    1405 	.db #0x01	; 1
      000521 00                    1406 	.db #0x00	; 0
      000522 CC                    1407 	.db #0xcc	; 204
      000523 C6                    1408 	.db #0xc6	; 198
      000524 C6                    1409 	.db #0xc6	; 198
      000525 FE                    1410 	.db #0xfe	; 254
      000526 C6                    1411 	.db #0xc6	; 198
      000527 C6                    1412 	.db #0xc6	; 198
      000528 66                    1413 	.db #0x66	; 102	'f'
      000529 01                    1414 	.db #0x01	; 1
      00052A 00                    1415 	.db #0x00	; 0
      00052B 7E                    1416 	.db #0x7e	; 126
      00052C 98                    1417 	.db #0x98	; 152
      00052D 30                    1418 	.db #0x30	; 48	'0'
      00052E 30                    1419 	.db #0x30	; 48	'0'
      00052F 30                    1420 	.db #0x30	; 48	'0'
      000530 1A                    1421 	.db #0x1a	; 26
      000531 FC                    1422 	.db #0xfc	; 252
      000532 01                    1423 	.db #0x01	; 1
      000533 00                    1424 	.db #0x00	; 0
      000534 3E                    1425 	.db #0x3e	; 62
      000535 0C                    1426 	.db #0x0c	; 12
      000536 0C                    1427 	.db #0x0c	; 12
      000537 E6                    1428 	.db #0xe6	; 230
      000538 66                    1429 	.db #0x66	; 102	'f'
      000539 C6                    1430 	.db #0xc6	; 198
      00053A 7C                    1431 	.db #0x7c	; 124
      00053B 01                    1432 	.db #0x01	; 1
      00053C 00                    1433 	.db #0x00	; 0
      00053D C0                    1434 	.db #0xc0	; 192
      00053E 66                    1435 	.db #0x66	; 102	'f'
      00053F 6C                    1436 	.db #0x6c	; 108	'l'
      000540 78                    1437 	.db #0x78	; 120	'x'
      000541 78                    1438 	.db #0x78	; 120	'x'
      000542 EC                    1439 	.db #0xec	; 236
      000543 C6                    1440 	.db #0xc6	; 198
      000544 01                    1441 	.db #0x01	; 1
      000545 00                    1442 	.db #0x00	; 0
      000546 C0                    1443 	.db #0xc0	; 192
      000547 E0                    1444 	.db #0xe0	; 224
      000548 60                    1445 	.db #0x60	; 96
      000549 60                    1446 	.db #0x60	; 96
      00054A 60                    1447 	.db #0x60	; 96
      00054B FC                    1448 	.db #0xfc	; 252
      00054C C2                    1449 	.db #0xc2	; 194
      00054D 01                    1450 	.db #0x01	; 1
      00054E 00                    1451 	.db #0x00	; 0
      00054F 66                    1452 	.db #0x66	; 102	'f'
      000550 FE                    1453 	.db #0xfe	; 254
      000551 D6                    1454 	.db #0xd6	; 214
      000552 D6                    1455 	.db #0xd6	; 214
      000553 C6                    1456 	.db #0xc6	; 198
      000554 E6                    1457 	.db #0xe6	; 230
      000555 66                    1458 	.db #0x66	; 102	'f'
      000556 01                    1459 	.db #0x01	; 1
      000557 00                    1460 	.db #0x00	; 0
      000558 CC                    1461 	.db #0xcc	; 204
      000559 E6                    1462 	.db #0xe6	; 230
      00055A E6                    1463 	.db #0xe6	; 230
      00055B D6                    1464 	.db #0xd6	; 214
      00055C CE                    1465 	.db #0xce	; 206
      00055D CE                    1466 	.db #0xce	; 206
      00055E 66                    1467 	.db #0x66	; 102	'f'
      00055F 01                    1468 	.db #0x01	; 1
      000560 00                    1469 	.db #0x00	; 0
      000561 38                    1470 	.db #0x38	; 56	'8'
      000562 6C                    1471 	.db #0x6c	; 108	'l'
      000563 C6                    1472 	.db #0xc6	; 198
      000564 C6                    1473 	.db #0xc6	; 198
      000565 C6                    1474 	.db #0xc6	; 198
      000566 EE                    1475 	.db #0xee	; 238
      000567 7C                    1476 	.db #0x7c	; 124
      000568 01                    1477 	.db #0x01	; 1
      000569 00                    1478 	.db #0x00	; 0
      00056A DC                    1479 	.db #0xdc	; 220
      00056B E6                    1480 	.db #0xe6	; 230
      00056C C6                    1481 	.db #0xc6	; 198
      00056D CE                    1482 	.db #0xce	; 206
      00056E F8                    1483 	.db #0xf8	; 248
      00056F C0                    1484 	.db #0xc0	; 192
      000570 C0                    1485 	.db #0xc0	; 192
      000571 01                    1486 	.db #0x01	; 1
      000572 00                    1487 	.db #0x00	; 0
      000573 38                    1488 	.db #0x38	; 56	'8'
      000574 6C                    1489 	.db #0x6c	; 108	'l'
      000575 C6                    1490 	.db #0xc6	; 198
      000576 D6                    1491 	.db #0xd6	; 214
      000577 CC                    1492 	.db #0xcc	; 204
      000578 EC                    1493 	.db #0xec	; 236
      000579 76                    1494 	.db #0x76	; 118	'v'
      00057A 01                    1495 	.db #0x01	; 1
      00057B 00                    1496 	.db #0x00	; 0
      00057C DC                    1497 	.db #0xdc	; 220
      00057D E6                    1498 	.db #0xe6	; 230
      00057E C6                    1499 	.db #0xc6	; 198
      00057F EC                    1500 	.db #0xec	; 236
      000580 D8                    1501 	.db #0xd8	; 216
      000581 CC                    1502 	.db #0xcc	; 204
      000582 C6                    1503 	.db #0xc6	; 198
      000583 01                    1504 	.db #0x01	; 1
      000584 00                    1505 	.db #0x00	; 0
      000585 3C                    1506 	.db #0x3c	; 60
      000586 66                    1507 	.db #0x66	; 102	'f'
      000587 62                    1508 	.db #0x62	; 98	'b'
      000588 3C                    1509 	.db #0x3c	; 60
      000589 46                    1510 	.db #0x46	; 70	'F'
      00058A C6                    1511 	.db #0xc6	; 198
      00058B 7C                    1512 	.db #0x7c	; 124
      00058C 01                    1513 	.db #0x01	; 1
      00058D 00                    1514 	.db #0x00	; 0
      00058E FE                    1515 	.db #0xfe	; 254
      00058F BA                    1516 	.db #0xba	; 186
      000590 18                    1517 	.db #0x18	; 24
      000591 18                    1518 	.db #0x18	; 24
      000592 18                    1519 	.db #0x18	; 24
      000593 38                    1520 	.db #0x38	; 56	'8'
      000594 30                    1521 	.db #0x30	; 48	'0'
      000595 01                    1522 	.db #0x01	; 1
      000596 00                    1523 	.db #0x00	; 0
      000597 E6                    1524 	.db #0xe6	; 230
      000598 66                    1525 	.db #0x66	; 102	'f'
      000599 C6                    1526 	.db #0xc6	; 198
      00059A C6                    1527 	.db #0xc6	; 198
      00059B C6                    1528 	.db #0xc6	; 198
      00059C C6                    1529 	.db #0xc6	; 198
      00059D 7C                    1530 	.db #0x7c	; 124
      00059E 01                    1531 	.db #0x01	; 1
      00059F 00                    1532 	.db #0x00	; 0
      0005A0 CE                    1533 	.db #0xce	; 206
      0005A1 CC                    1534 	.db #0xcc	; 204
      0005A2 C6                    1535 	.db #0xc6	; 198
      0005A3 C6                    1536 	.db #0xc6	; 198
      0005A4 C6                    1537 	.db #0xc6	; 198
      0005A5 6C                    1538 	.db #0x6c	; 108	'l'
      0005A6 38                    1539 	.db #0x38	; 56	'8'
      0005A7 01                    1540 	.db #0x01	; 1
      0005A8 00                    1541 	.db #0x00	; 0
      0005A9 CC                    1542 	.db #0xcc	; 204
      0005AA CE                    1543 	.db #0xce	; 206
      0005AB C6                    1544 	.db #0xc6	; 198
      0005AC D6                    1545 	.db #0xd6	; 214
      0005AD D6                    1546 	.db #0xd6	; 214
      0005AE FE                    1547 	.db #0xfe	; 254
      0005AF 6C                    1548 	.db #0x6c	; 108	'l'
      0005B0 01                    1549 	.db #0x01	; 1
      0005B1 00                    1550 	.db #0x00	; 0
      0005B2 EE                    1551 	.db #0xee	; 238
      0005B3 C6                    1552 	.db #0xc6	; 198
      0005B4 6C                    1553 	.db #0x6c	; 108	'l'
      0005B5 38                    1554 	.db #0x38	; 56	'8'
      0005B6 6C                    1555 	.db #0x6c	; 108	'l'
      0005B7 C6                    1556 	.db #0xc6	; 198
      0005B8 EE                    1557 	.db #0xee	; 238
      0005B9 01                    1558 	.db #0x01	; 1
      0005BA 00                    1559 	.db #0x00	; 0
      0005BB CC                    1560 	.db #0xcc	; 204
      0005BC C6                    1561 	.db #0xc6	; 198
      0005BD 66                    1562 	.db #0x66	; 102	'f'
      0005BE 3C                    1563 	.db #0x3c	; 60
      0005BF 18                    1564 	.db #0x18	; 24
      0005C0 30                    1565 	.db #0x30	; 48	'0'
      0005C1 60                    1566 	.db #0x60	; 96
      0005C2 01                    1567 	.db #0x01	; 1
      0005C3 00                    1568 	.db #0x00	; 0
      0005C4 76                    1569 	.db #0x76	; 118	'v'
      0005C5 EC                    1570 	.db #0xec	; 236
      0005C6 98                    1571 	.db #0x98	; 152
      0005C7 30                    1572 	.db #0x30	; 48	'0'
      0005C8 62                    1573 	.db #0x62	; 98	'b'
      0005C9 DE                    1574 	.db #0xde	; 222
      0005CA BC                    1575 	.db #0xbc	; 188
                                   1576 	.area _INITIALIZER
                                   1577 	.area _CABS (ABS)
